{"/Users/nazli.gungor/Documents/refocus-ldk/src/lensinitUtils.js":{"path":"/Users/nazli.gungor/Documents/refocus-ldk/src/lensinitUtils.js","s":{"1":1,"2":1,"3":1,"4":1,"5":1,"6":1,"7":1,"8":1,"9":1,"10":1,"11":1,"12":1,"13":1,"14":610,"15":610,"16":1831,"17":1831,"18":1831,"19":1831,"20":1831,"21":608,"22":4364,"23":610,"24":1,"25":2,"26":1,"27":2,"28":10,"29":2,"30":1,"31":2,"32":30,"33":2,"34":1,"35":2,"36":50,"37":2,"38":1,"39":1,"40":1,"41":1,"42":0,"43":0,"44":1,"45":1,"46":1,"47":0,"48":0,"49":1,"50":3,"51":0,"52":0,"53":1,"54":1,"55":1,"56":1,"57":1,"58":1,"59":1,"60":1,"61":1,"62":1,"63":1,"64":734,"65":652,"66":1,"67":825,"68":825,"69":825,"70":9,"71":1,"72":1,"73":1,"74":1,"75":1,"76":1,"77":1,"78":1,"79":1,"80":1},"b":{"1":[1831,0],"2":[1831,1831],"3":[608,1223],"4":[1,1],"5":[1,1],"6":[1,1],"7":[0,0],"8":[0,0],"9":[652,82],"10":[9,816],"11":[1,1]},"f":{"1":610,"2":2},"fnMap":{"1":{"name":"getAllDependencies","line":34,"loc":{"start":{"line":34,"column":0},"end":{"line":34,"column":57}}},"2":{"name":"addScriptsAndDependencies","line":49,"loc":{"start":{"line":49,"column":0},"end":{"line":49,"column":48}}}},"statementMap":{"1":{"start":{"line":7,"column":0},"end":{"line":7,"column":29}},"2":{"start":{"line":8,"column":0},"end":{"line":8,"column":29}},"3":{"start":{"line":9,"column":0},"end":{"line":9,"column":31}},"4":{"start":{"line":10,"column":0},"end":{"line":10,"column":35}},"5":{"start":{"line":13,"column":0},"end":{"line":13,"column":24}},"6":{"start":{"line":14,"column":0},"end":{"line":14,"column":64}},"7":{"start":{"line":15,"column":0},"end":{"line":15,"column":51}},"8":{"start":{"line":18,"column":0},"end":{"line":18,"column":34}},"9":{"start":{"line":21,"column":0},"end":{"line":21,"column":70}},"10":{"start":{"line":22,"column":0},"end":{"line":22,"column":51}},"11":{"start":{"line":23,"column":0},"end":{"line":23,"column":57}},"12":{"start":{"line":26,"column":0},"end":{"line":32,"column":2}},"13":{"start":{"line":34,"column":0},"end":{"line":46,"column":1}},"14":{"start":{"line":35,"column":2},"end":{"line":35,"column":34}},"15":{"start":{"line":36,"column":2},"end":{"line":44,"column":5}},"16":{"start":{"line":37,"column":4},"end":{"line":37,"column":46}},"17":{"start":{"line":38,"column":4},"end":{"line":38,"column":48}},"18":{"start":{"line":38,"column":16},"end":{"line":38,"column":48}},"19":{"start":{"line":39,"column":4},"end":{"line":39,"column":59}},"20":{"start":{"line":40,"column":4},"end":{"line":43,"column":5}},"21":{"start":{"line":41,"column":6},"end":{"line":42,"column":52}},"22":{"start":{"line":42,"column":26},"end":{"line":42,"column":50}},"23":{"start":{"line":45,"column":2},"end":{"line":45,"column":25}},"24":{"start":{"line":49,"column":0},"end":{"line":76,"column":1}},"25":{"start":{"line":50,"column":2},"end":{"line":52,"column":3}},"26":{"start":{"line":51,"column":4},"end":{"line":51,"column":29}},"27":{"start":{"line":54,"column":2},"end":{"line":56,"column":5}},"28":{"start":{"line":55,"column":4},"end":{"line":55,"column":45}},"29":{"start":{"line":58,"column":2},"end":{"line":60,"column":3}},"30":{"start":{"line":59,"column":4},"end":{"line":59,"column":34}},"31":{"start":{"line":62,"column":2},"end":{"line":64,"column":5}},"32":{"start":{"line":63,"column":4},"end":{"line":63,"column":53}},"33":{"start":{"line":66,"column":2},"end":{"line":68,"column":3}},"34":{"start":{"line":67,"column":4},"end":{"line":67,"column":37}},"35":{"start":{"line":70,"column":2},"end":{"line":72,"column":5}},"36":{"start":{"line":71,"column":4},"end":{"line":71,"column":59}},"37":{"start":{"line":74,"column":2},"end":{"line":74,"column":31}},"38":{"start":{"line":78,"column":0},"end":{"line":152,"column":2}},"39":{"start":{"line":82,"column":4},"end":{"line":82,"column":49}},"40":{"start":{"line":83,"column":4},"end":{"line":83,"column":44}},"41":{"start":{"line":84,"column":4},"end":{"line":86,"column":7}},"42":{"start":{"line":85,"column":6},"end":{"line":85,"column":36}},"43":{"start":{"line":85,"column":15},"end":{"line":85,"column":36}},"44":{"start":{"line":88,"column":4},"end":{"line":88,"column":14}},"45":{"start":{"line":89,"column":4},"end":{"line":94,"column":5}},"46":{"start":{"line":90,"column":6},"end":{"line":90,"column":44}},"47":{"start":{"line":92,"column":6},"end":{"line":92,"column":23}},"48":{"start":{"line":93,"column":6},"end":{"line":93,"column":19}},"49":{"start":{"line":96,"column":4},"end":{"line":103,"column":6}},"50":{"start":{"line":99,"column":8},"end":{"line":101,"column":11}},"51":{"start":{"line":100,"column":10},"end":{"line":100,"column":40}},"52":{"start":{"line":100,"column":19},"end":{"line":100,"column":40}},"53":{"start":{"line":105,"column":4},"end":{"line":106,"column":76}},"54":{"start":{"line":107,"column":4},"end":{"line":107,"column":61}},"55":{"start":{"line":108,"column":4},"end":{"line":108,"column":16}},"56":{"start":{"line":113,"column":4},"end":{"line":113,"column":39}},"57":{"start":{"line":114,"column":4},"end":{"line":114,"column":70}},"58":{"start":{"line":115,"column":4},"end":{"line":115,"column":70}},"59":{"start":{"line":116,"column":4},"end":{"line":116,"column":57}},"60":{"start":{"line":117,"column":4},"end":{"line":117,"column":54}},"61":{"start":{"line":118,"column":4},"end":{"line":118,"column":67}},"62":{"start":{"line":119,"column":4},"end":{"line":119,"column":66}},"63":{"start":{"line":120,"column":4},"end":{"line":125,"column":7}},"64":{"start":{"line":121,"column":6},"end":{"line":124,"column":7}},"65":{"start":{"line":123,"column":8},"end":{"line":123,"column":24}},"66":{"start":{"line":126,"column":4},"end":{"line":132,"column":7}},"67":{"start":{"line":127,"column":6},"end":{"line":127,"column":73}},"68":{"start":{"line":128,"column":6},"end":{"line":128,"column":62}},"69":{"start":{"line":129,"column":6},"end":{"line":131,"column":7}},"70":{"start":{"line":130,"column":8},"end":{"line":130,"column":36}},"71":{"start":{"line":133,"column":4},"end":{"line":133,"column":16}},"72":{"start":{"line":138,"column":4},"end":{"line":138,"column":46}},"73":{"start":{"line":139,"column":4},"end":{"line":139,"column":80}},"74":{"start":{"line":140,"column":4},"end":{"line":140,"column":65}},"75":{"start":{"line":141,"column":4},"end":{"line":141,"column":33}},"76":{"start":{"line":142,"column":4},"end":{"line":142,"column":74}},"77":{"start":{"line":143,"column":4},"end":{"line":143,"column":68}},"78":{"start":{"line":144,"column":4},"end":{"line":144,"column":38}},"79":{"start":{"line":145,"column":4},"end":{"line":146,"column":61}},"80":{"start":{"line":147,"column":4},"end":{"line":147,"column":16}}},"branchMap":{"1":{"line":38,"type":"if","locations":[{"start":{"line":38,"column":4},"end":{"line":38,"column":4}},{"start":{"line":38,"column":4},"end":{"line":38,"column":4}}]},"2":{"line":39,"type":"binary-expr","locations":[{"start":{"line":39,"column":29},"end":{"line":39,"column":35}},{"start":{"line":39,"column":39},"end":{"line":39,"column":58}}]},"3":{"line":40,"type":"if","locations":[{"start":{"line":40,"column":4},"end":{"line":40,"column":4}},{"start":{"line":40,"column":4},"end":{"line":40,"column":4}}]},"4":{"line":50,"type":"if","locations":[{"start":{"line":50,"column":2},"end":{"line":50,"column":2}},{"start":{"line":50,"column":2},"end":{"line":50,"column":2}}]},"5":{"line":58,"type":"if","locations":[{"start":{"line":58,"column":2},"end":{"line":58,"column":2}},{"start":{"line":58,"column":2},"end":{"line":58,"column":2}}]},"6":{"line":66,"type":"if","locations":[{"start":{"line":66,"column":2},"end":{"line":66,"column":2}},{"start":{"line":66,"column":2},"end":{"line":66,"column":2}}]},"7":{"line":85,"type":"if","locations":[{"start":{"line":85,"column":6},"end":{"line":85,"column":6}},{"start":{"line":85,"column":6},"end":{"line":85,"column":6}}]},"8":{"line":100,"type":"if","locations":[{"start":{"line":100,"column":10},"end":{"line":100,"column":10}},{"start":{"line":100,"column":10},"end":{"line":100,"column":10}}]},"9":{"line":121,"type":"if","locations":[{"start":{"line":121,"column":6},"end":{"line":121,"column":6}},{"start":{"line":121,"column":6},"end":{"line":121,"column":6}}]},"10":{"line":129,"type":"if","locations":[{"start":{"line":129,"column":6},"end":{"line":129,"column":6}},{"start":{"line":129,"column":6},"end":{"line":129,"column":6}}]},"11":{"line":146,"type":"binary-expr","locations":[{"start":{"line":146,"column":6},"end":{"line":146,"column":22}},{"start":{"line":146,"column":26},"end":{"line":146,"column":58}}]}}},"/Users/nazli.gungor/Documents/refocus-ldk/bin/lensPrototype.js":{"path":"/Users/nazli.gungor/Documents/refocus-ldk/bin/lensPrototype.js","s":{"1":1,"2":1,"3":1,"4":1,"5":1,"6":1,"7":1,"8":1,"9":1,"10":0,"11":1,"12":1,"13":1},"b":{},"f":{"1":0,"2":1},"fnMap":{"1":{"name":"(anonymous_1)","line":18,"loc":{"start":{"line":18,"column":13},"end":{"line":18,"column":33}}},"2":{"name":"(anonymous_2)","line":22,"loc":{"start":{"line":22,"column":17},"end":{"line":22,"column":29}}}},"statementMap":{"1":{"start":{"line":8,"column":0},"end":{"line":8,"column":35}},"2":{"start":{"line":9,"column":0},"end":{"line":9,"column":29}},"3":{"start":{"line":10,"column":0},"end":{"line":10,"column":22}},"4":{"start":{"line":11,"column":0},"end":{"line":11,"column":26}},"5":{"start":{"line":12,"column":0},"end":{"line":12,"column":36}},"6":{"start":{"line":13,"column":0},"end":{"line":13,"column":18}},"7":{"start":{"line":15,"column":0},"end":{"line":15,"column":62}},"8":{"start":{"line":16,"column":0},"end":{"line":16,"column":29}},"9":{"start":{"line":18,"column":0},"end":{"line":20,"column":3}},"10":{"start":{"line":19,"column":2},"end":{"line":19,"column":50}},"11":{"start":{"line":22,"column":0},"end":{"line":25,"column":3}},"12":{"start":{"line":23,"column":2},"end":{"line":24,"column":43}},"13":{"start":{"line":27,"column":0},"end":{"line":27,"column":21}}},"branchMap":{}}}