TN:
SF:/Users/nazli.gungor/Documents/refocus-ldk/src/lensinitUtils.js
FN:34,getAllDependencies
FN:49,addScriptsAndDependencies
FNF:2
FNH:2
FNDA:610,getAllDependencies
FNDA:2,addScriptsAndDependencies
DA:7,1
DA:8,1
DA:9,1
DA:10,1
DA:13,1
DA:14,1
DA:15,1
DA:18,1
DA:21,1
DA:22,1
DA:23,1
DA:26,1
DA:34,1
DA:35,610
DA:36,610
DA:37,1831
DA:38,1831
DA:39,1831
DA:40,1831
DA:41,608
DA:42,4364
DA:45,610
DA:49,1
DA:50,2
DA:51,1
DA:54,2
DA:55,10
DA:58,2
DA:59,1
DA:62,2
DA:63,30
DA:66,2
DA:67,1
DA:70,2
DA:71,50
DA:74,2
DA:78,1
DA:82,1
DA:83,1
DA:84,1
DA:85,0
DA:88,1
DA:89,1
DA:90,1
DA:92,0
DA:93,0
DA:96,1
DA:99,3
DA:100,0
DA:105,1
DA:107,1
DA:108,1
DA:113,1
DA:114,1
DA:115,1
DA:116,1
DA:117,1
DA:118,1
DA:119,1
DA:120,1
DA:121,734
DA:123,652
DA:126,1
DA:127,825
DA:128,825
DA:129,825
DA:130,9
DA:133,1
DA:138,1
DA:139,1
DA:140,1
DA:141,1
DA:142,1
DA:143,1
DA:144,1
DA:145,1
DA:147,1
LF:77
LH:73
BRDA:38,1,0,1831
BRDA:38,1,1,0
BRDA:39,2,0,1831
BRDA:39,2,1,1831
BRDA:40,3,0,608
BRDA:40,3,1,1223
BRDA:50,4,0,1
BRDA:50,4,1,1
BRDA:58,5,0,1
BRDA:58,5,1,1
BRDA:66,6,0,1
BRDA:66,6,1,1
BRDA:85,7,0,0
BRDA:85,7,1,0
BRDA:100,8,0,0
BRDA:100,8,1,0
BRDA:121,9,0,652
BRDA:121,9,1,82
BRDA:129,10,0,9
BRDA:129,10,1,816
BRDA:146,11,0,1
BRDA:146,11,1,1
BRF:22
BRH:17
end_of_record
TN:
SF:/Users/nazli.gungor/Documents/refocus-ldk/bin/lensPrototype.js
FN:18,(anonymous_1)
FN:22,(anonymous_2)
FNF:2
FNH:1
FNDA:0,(anonymous_1)
FNDA:1,(anonymous_2)
DA:8,1
DA:9,1
DA:10,1
DA:11,1
DA:12,1
DA:13,1
DA:15,1
DA:16,1
DA:18,1
DA:19,0
DA:22,1
DA:23,1
DA:27,1
LF:13
LH:12
BRF:0
BRH:0
end_of_record
