TN:
SF:/Users/nazli.gungor/Documents/refocus-ldk/src/lensinitUtils.js
FN:42,getAllDependencies
FN:57,addScriptsAndDependencies
FNF:2
FNH:2
FNDA:614,getAllDependencies
FNDA:2,addScriptsAndDependencies
DA:15,1
DA:16,1
DA:17,1
DA:18,1
DA:21,1
DA:22,1
DA:23,1
DA:26,1
DA:29,1
DA:30,1
DA:31,1
DA:34,1
DA:42,1
DA:43,614
DA:44,614
DA:45,1840
DA:46,1840
DA:47,1840
DA:48,1840
DA:49,611
DA:50,4372
DA:53,614
DA:57,1
DA:58,2
DA:59,1
DA:62,2
DA:63,10
DA:66,2
DA:67,1
DA:70,2
DA:71,30
DA:74,2
DA:75,1
DA:78,2
DA:79,50
DA:82,2
DA:86,1
DA:90,1
DA:91,1
DA:92,1
DA:93,0
DA:96,1
DA:97,1
DA:98,1
DA:100,0
DA:101,0
DA:104,1
DA:107,3
DA:108,0
DA:113,1
DA:115,1
DA:116,1
DA:122,1
DA:123,1
DA:124,1
DA:125,1
DA:126,1
DA:127,1
DA:128,1
DA:129,1
DA:130,734
DA:132,652
DA:135,1
DA:136,825
DA:137,825
DA:138,825
DA:139,9
DA:142,1
DA:147,1
DA:148,1
DA:149,1
DA:150,1
DA:151,1
DA:152,1
DA:153,1
DA:154,1
DA:156,1
LF:77
LH:73
BRDA:46,1,0,1840
BRDA:46,1,1,0
BRDA:47,2,0,1840
BRDA:47,2,1,1840
BRDA:48,3,0,611
BRDA:48,3,1,1229
BRDA:58,4,0,1
BRDA:58,4,1,1
BRDA:66,5,0,1
BRDA:66,5,1,1
BRDA:74,6,0,1
BRDA:74,6,1,1
BRDA:93,7,0,0
BRDA:93,7,1,0
BRDA:108,8,0,0
BRDA:108,8,1,0
BRDA:130,9,0,652
BRDA:130,9,1,82
BRDA:138,10,0,9
BRDA:138,10,1,816
BRDA:155,11,0,1
BRDA:155,11,1,1
BRF:22
BRH:17
end_of_record
TN:
SF:/Users/nazli.gungor/Documents/refocus-ldk/bin/lensPrototype.js
FN:26,(anonymous_1)
FN:30,(anonymous_2)
FNF:2
FNH:1
FNDA:0,(anonymous_1)
FNDA:1,(anonymous_2)
DA:16,1
DA:17,1
DA:18,1
DA:19,1
DA:20,1
DA:21,1
DA:23,1
DA:24,1
DA:26,1
DA:27,0
DA:30,1
DA:31,1
DA:35,1
LF:13
LH:12
BRF:0
BRH:0
end_of_record
